c:\users\giovi\documents\github\deepgtav-presil\release\vc142.pdb
c:\users\giovi\documents\github\deepgtav-presil\release\utils.obj
c:\users\giovi\documents\github\deepgtav-presil\release\tinyxml2.obj
c:\users\giovi\documents\github\deepgtav-presil\release\server.obj
c:\users\giovi\documents\github\deepgtav-presil\release\speedrewarder.obj
c:\users\giovi\documents\github\deepgtav-presil\release\script.obj
c:\users\giovi\documents\github\deepgtav-presil\release\screencapturer.obj
c:\users\giovi\documents\github\deepgtav-presil\release\scenario.obj
c:\users\giovi\documents\github\deepgtav-presil\release\main.obj
c:\users\giovi\documents\github\deepgtav-presil\release\lanerewarder.obj
c:\users\giovi\documents\github\deepgtav-presil\release\generalrewarder.obj
c:\users\giovi\documents\github\deepgtav-presil\release\objectdetection.obj
c:\users\giovi\documents\github\deepgtav-presil\release\lodepng.obj
c:\users\giovi\documents\github\deepgtav-presil\release\lidar.obj
c:\users\giovi\documents\github\deepgtav-presil\release\deepgtav.tlog\cl.command.1.tlog
c:\users\giovi\documents\github\deepgtav-presil\release\deepgtav.tlog\cl.read.1.tlog
c:\users\giovi\documents\github\deepgtav-presil\release\deepgtav.tlog\cl.write.1.tlog
c:\users\giovi\documents\github\deepgtav-presil\release\deepgtav.tlog\link.command.1.tlog
c:\users\giovi\documents\github\deepgtav-presil\release\deepgtav.tlog\link.read.1.tlog
c:\users\giovi\documents\github\deepgtav-presil\release\deepgtav.tlog\link.write.1.tlog
