  LiDAR.cpp
C:\Users\giovi\Documents\GitHub\DeepGTAV-PreSIL\ObjectDet\Functions.h(7,23): warning C4996: 'getenv': This function or variable may be unsafe. Consider using _dupenv_s instead. To disable deprecation, use _CRT_SECURE_NO_WARNINGS. See online help for details.
C:\Users\giovi\Documents\GitHub\DeepGTAV-PreSIL\ObjectDet\Functions.h(12,19): warning C4996: 'fopen': This function or variable may be unsafe. Consider using fopen_s instead. To disable deprecation, use _CRT_SECURE_NO_WARNINGS. See online help for details.
C:\Users\giovi\Documents\GitHub\DeepGTAV-PreSIL\ObjectDet\Functions.h(53,13): warning C4244: 'initializing': conversion from 'int' to 'float', possible loss of data
C:\Users\giovi\Documents\GitHub\DeepGTAV-PreSIL\ObjectDet\Functions.h(55,12): warning C4244: 'initializing': conversion from 'int' to 'float', possible loss of data
C:\Users\giovi\Documents\GitHub\DeepGTAV-PreSIL\ObjectDet\LiDAR.cpp(62,63): warning C4244: '=': conversion from 'double' to 'float', possible loss of data
C:\Users\giovi\Documents\GitHub\DeepGTAV-PreSIL\ObjectDet\LiDAR.cpp(112,63): warning C4244: '=': conversion from 'double' to 'float', possible loss of data
C:\Users\giovi\Documents\GitHub\DeepGTAV-PreSIL\ObjectDet\LiDAR.cpp(155,82): warning C4244: 'argument': conversion from 'double' to 'float', possible loss of data
C:\Users\giovi\Documents\GitHub\DeepGTAV-PreSIL\ObjectDet\LiDAR.cpp(155,44): warning C4244: 'argument': conversion from 'float' to 'int', possible loss of data
C:\Users\giovi\Documents\GitHub\DeepGTAV-PreSIL\ObjectDet\LiDAR.cpp(160,162): warning C4244: 'argument': conversion from 'double' to 'float', possible loss of data
C:\Users\giovi\Documents\GitHub\DeepGTAV-PreSIL\ObjectDet\LiDAR.cpp(160,130): warning C4244: 'argument': conversion from 'double' to 'float', possible loss of data
C:\Users\giovi\Documents\GitHub\DeepGTAV-PreSIL\ObjectDet\LiDAR.cpp(160,107): warning C4244: 'argument': conversion from 'float' to 'int', possible loss of data
C:\Users\giovi\Documents\GitHub\DeepGTAV-PreSIL\ObjectDet\LiDAR.cpp(160,82): warning C4244: 'argument': conversion from 'double' to 'float', possible loss of data
C:\Users\giovi\Documents\GitHub\DeepGTAV-PreSIL\ObjectDet\LiDAR.cpp(160,44): warning C4244: 'argument': conversion from 'float' to 'int', possible loss of data
C:\Users\giovi\Documents\GitHub\DeepGTAV-PreSIL\ObjectDet\LiDAR.cpp(223,23): warning C4018: '<': signed/unsigned mismatch
C:\Users\giovi\Documents\GitHub\DeepGTAV-PreSIL\ObjectDet\LiDAR.cpp(254,23): warning C4018: '<': signed/unsigned mismatch
C:\Users\giovi\Documents\GitHub\DeepGTAV-PreSIL\ObjectDet\LiDAR.cpp(438,17): warning C4244: 'initializing': conversion from 'double' to 'float', possible loss of data
C:\Users\giovi\Documents\GitHub\DeepGTAV-PreSIL\ObjectDet\LiDAR.cpp(439,17): warning C4244: 'initializing': conversion from 'double' to 'float', possible loss of data
C:\Users\giovi\Documents\GitHub\DeepGTAV-PreSIL\ObjectDet\LiDAR.cpp(444,17): warning C4244: 'initializing': conversion from 'double' to 'float', possible loss of data
C:\Users\giovi\Documents\GitHub\DeepGTAV-PreSIL\ObjectDet\LiDAR.cpp(445,17): warning C4244: 'initializing': conversion from 'double' to 'float', possible loss of data
C:\Users\giovi\Documents\GitHub\DeepGTAV-PreSIL\ObjectDet\LiDAR.cpp(485,32): warning C4244: '+=': conversion from 'double' to 'float', possible loss of data
C:\Users\giovi\Documents\GitHub\DeepGTAV-PreSIL\ObjectDet\LiDAR.cpp(598,19): warning C4244: 'initializing': conversion from 'double' to 'float', possible loss of data
C:\Users\giovi\Documents\GitHub\DeepGTAV-PreSIL\ObjectDet\LiDAR.cpp(598,42): warning C4244: 'initializing': conversion from 'double' to 'float', possible loss of data
C:\Users\giovi\Documents\GitHub\DeepGTAV-PreSIL\ObjectDet\LiDAR.cpp(656,19): warning C4244: 'initializing': conversion from 'double' to 'int', possible loss of data
C:\Users\giovi\Documents\GitHub\DeepGTAV-PreSIL\ObjectDet\LiDAR.cpp(657,19): warning C4244: 'initializing': conversion from 'double' to 'int', possible loss of data
C:\Users\giovi\Documents\GitHub\DeepGTAV-PreSIL\ObjectDet\LiDAR.cpp(658,64): warning C4244: '=': conversion from 'uint32_t' to 'float', possible loss of data
C:\Users\giovi\Documents\GitHub\DeepGTAV-PreSIL\ObjectDet\LiDAR.cpp(686,24): warning C4244: '=': conversion from 'int' to 'float', possible loss of data
C:\Users\giovi\Documents\GitHub\DeepGTAV-PreSIL\ObjectDet\LiDAR.cpp(693,33): warning C4244: '=': conversion from 'int' to 'float', possible loss of data
C:\Users\giovi\Documents\GitHub\DeepGTAV-PreSIL\ObjectDet\LiDAR.cpp(703,26): warning C4244: '=': conversion from 'int' to 'float', possible loss of data
C:\Users\giovi\Documents\GitHub\DeepGTAV-PreSIL\ObjectDet\LiDAR.cpp(777,19): warning C4244: '=': conversion from 'double' to 'float', possible loss of data
C:\Users\giovi\Documents\GitHub\DeepGTAV-PreSIL\ObjectDet\LiDAR.cpp(781,25): warning C4244: '=': conversion from 'double' to 'float', possible loss of data
C:\Users\giovi\Documents\GitHub\DeepGTAV-PreSIL\ObjectDet\LiDAR.cpp(763,24): warning C4101: 'quaterion': unreferenced local variable
  lodepng.cpp
  ObjectDetection.cpp
C:\Users\giovi\Documents\GitHub\DeepGTAV-PreSIL\ObjectDet\Functions.h(7,23): warning C4996: 'getenv': This function or variable may be unsafe. Consider using _dupenv_s instead. To disable deprecation, use _CRT_SECURE_NO_WARNINGS. See online help for details.
C:\Users\giovi\Documents\GitHub\DeepGTAV-PreSIL\ObjectDet\Functions.h(12,19): warning C4996: 'fopen': This function or variable may be unsafe. Consider using fopen_s instead. To disable deprecation, use _CRT_SECURE_NO_WARNINGS. See online help for details.
C:\Users\giovi\Documents\GitHub\DeepGTAV-PreSIL\ObjectDet\Functions.h(53,13): warning C4244: 'initializing': conversion from 'int' to 'float', possible loss of data
C:\Users\giovi\Documents\GitHub\DeepGTAV-PreSIL\ObjectDet\Functions.h(55,12): warning C4244: 'initializing': conversion from 'int' to 'float', possible loss of data
C:\Users\giovi\Documents\GitHub\DeepGTAV-PreSIL\ObjectDet\ObjectDetection.cpp(61,5): warning C4996: 'sprintf': This function or variable may be unsafe. Consider using sprintf_s instead. To disable deprecation, use _CRT_SECURE_NO_WARNINGS. See online help for details.
C:\Users\giovi\Documents\GitHub\DeepGTAV-PreSIL\ObjectDet\ObjectDetection.cpp(77,30): warning C4996: 'getenv': This function or variable may be unsafe. Consider using _dupenv_s instead. To disable deprecation, use _CRT_SECURE_NO_WARNINGS. See online help for details.
C:\Users\giovi\Documents\GitHub\DeepGTAV-PreSIL\ObjectDet\ObjectDetection.cpp(95,15): warning C4996: 'fopen': This function or variable may be unsafe. Consider using fopen_s instead. To disable deprecation, use _CRT_SECURE_NO_WARNINGS. See online help for details.
C:\Users\giovi\Documents\GitHub\DeepGTAV-PreSIL\ObjectDet\ObjectDetection.cpp(105,9): warning C4996: 'fopen': This function or variable may be unsafe. Consider using fopen_s instead. To disable deprecation, use _CRT_SECURE_NO_WARNINGS. See online help for details.
C:\Users\giovi\Documents\GitHub\DeepGTAV-PreSIL\ObjectDet\ObjectDetection.cpp(283,24): warning C4244: 'initializing': conversion from 'double' to 'float', possible loss of data
C:\Users\giovi\Documents\GitHub\DeepGTAV-PreSIL\ObjectDet\ObjectDetection.cpp(284,25): warning C4244: 'initializing': conversion from 'double' to 'float', possible loss of data
C:\Users\giovi\Documents\GitHub\DeepGTAV-PreSIL\ObjectDet\ObjectDetection.cpp(285,25): warning C4244: 'initializing': conversion from 'double' to 'float', possible loss of data
C:\Users\giovi\Documents\GitHub\DeepGTAV-PreSIL\ObjectDet\ObjectDetection.cpp(286,26): warning C4244: 'initializing': conversion from 'double' to 'float', possible loss of data
C:\Users\giovi\Documents\GitHub\DeepGTAV-PreSIL\ObjectDet\ObjectDetection.cpp(287,25): warning C4244: 'initializing': conversion from 'double' to 'float', possible loss of data
C:\Users\giovi\Documents\GitHub\DeepGTAV-PreSIL\ObjectDet\ObjectDetection.cpp(288,26): warning C4244: 'initializing': conversion from 'double' to 'float', possible loss of data
C:\Users\giovi\Documents\GitHub\DeepGTAV-PreSIL\ObjectDet\ObjectDetection.cpp(289,24): warning C4244: 'initializing': conversion from 'double' to 'float', possible loss of data
C:\Users\giovi\Documents\GitHub\DeepGTAV-PreSIL\ObjectDet\ObjectDetection.cpp(290,25): warning C4244: 'initializing': conversion from 'double' to 'float', possible loss of data
C:\Users\giovi\Documents\GitHub\DeepGTAV-PreSIL\ObjectDet\ObjectDetection.cpp(293,25): warning C4244: 'initializing': conversion from 'double' to 'float', possible loss of data
C:\Users\giovi\Documents\GitHub\DeepGTAV-PreSIL\ObjectDet\ObjectDetection.cpp(294,26): warning C4244: 'initializing': conversion from 'double' to 'float', possible loss of data
C:\Users\giovi\Documents\GitHub\DeepGTAV-PreSIL\ObjectDet\ObjectDetection.cpp(309,28): warning C4244: '=': conversion from 'double' to 'float', possible loss of data
C:\Users\giovi\Documents\GitHub\DeepGTAV-PreSIL\ObjectDet\ObjectDetection.cpp(310,29): warning C4244: '=': conversion from 'double' to 'float', possible loss of data
C:\Users\giovi\Documents\GitHub\DeepGTAV-PreSIL\ObjectDet\ObjectDetection.cpp(335,40): warning C4244: '=': conversion from 'double' to 'float', possible loss of data
C:\Users\giovi\Documents\GitHub\DeepGTAV-PreSIL\ObjectDet\ObjectDetection.cpp(631,80): warning C4244: 'argument': conversion from 'double' to 'float', possible loss of data
C:\Users\giovi\Documents\GitHub\DeepGTAV-PreSIL\ObjectDet\ObjectDetection.cpp(675,55): warning C4244: 'argument': conversion from 'int' to 'float', possible loss of data
C:\Users\giovi\Documents\GitHub\DeepGTAV-PreSIL\ObjectDet\ObjectDetection.cpp(675,52): warning C4244: 'argument': conversion from 'int' to 'float', possible loss of data
C:\Users\giovi\Documents\GitHub\DeepGTAV-PreSIL\ObjectDet\ObjectDetection.cpp(829,67): warning C4244: 'argument': conversion from 'int' to 'float', possible loss of data
C:\Users\giovi\Documents\GitHub\DeepGTAV-PreSIL\ObjectDet\ObjectDetection.cpp(829,64): warning C4244: 'argument': conversion from 'int' to 'float', possible loss of data
C:\Users\giovi\Documents\GitHub\DeepGTAV-PreSIL\ObjectDet\ObjectDetection.cpp(917,47): warning C4244: 'argument': conversion from 'const int' to 'float', possible loss of data
C:\Users\giovi\Documents\GitHub\DeepGTAV-PreSIL\ObjectDet\ObjectDetection.cpp(917,44): warning C4244: 'argument': conversion from 'const int' to 'float', possible loss of data
C:\Users\giovi\Documents\GitHub\DeepGTAV-PreSIL\ObjectDet\ObjectDetection.cpp(977,31): warning C4018: '<': signed/unsigned mismatch
C:\Users\giovi\Documents\GitHub\DeepGTAV-PreSIL\ObjectDet\ObjectDetection.cpp(1016,46): warning C4244: '=': conversion from 'int' to 'float', possible loss of data
C:\Users\giovi\Documents\GitHub\DeepGTAV-PreSIL\ObjectDet\ObjectDetection.cpp(1017,48): warning C4244: '=': conversion from 'int' to 'float', possible loss of data
C:\Users\giovi\Documents\GitHub\DeepGTAV-PreSIL\ObjectDet\ObjectDetection.cpp(1018,44): warning C4244: '=': conversion from 'int' to 'float', possible loss of data
C:\Users\giovi\Documents\GitHub\DeepGTAV-PreSIL\ObjectDet\ObjectDetection.cpp(1019,50): warning C4244: '=': conversion from 'int' to 'float', possible loss of data
C:\Users\giovi\Documents\GitHub\DeepGTAV-PreSIL\ObjectDet\ObjectDetection.cpp(1081,16): warning C4244: 'initializing': conversion from 'float' to 'int', possible loss of data
C:\Users\giovi\Documents\GitHub\DeepGTAV-PreSIL\ObjectDet\ObjectDetection.cpp(1082,20): warning C4244: 'initializing': conversion from 'float' to 'int', possible loss of data
C:\Users\giovi\Documents\GitHub\DeepGTAV-PreSIL\ObjectDet\ObjectDetection.cpp(1089,59): warning C4244: 'argument': conversion from 'int' to 'float', possible loss of data
C:\Users\giovi\Documents\GitHub\DeepGTAV-PreSIL\ObjectDet\ObjectDetection.cpp(1089,56): warning C4244: 'argument': conversion from 'int' to 'float', possible loss of data
C:\Users\giovi\Documents\GitHub\DeepGTAV-PreSIL\ObjectDet\ObjectDetection.cpp(1130,17): warning C4244: '=': conversion from 'double' to 'float', possible loss of data
C:\Users\giovi\Documents\GitHub\DeepGTAV-PreSIL\ObjectDet\ObjectDetection.cpp(1131,18): warning C4244: '=': conversion from 'double' to 'float', possible loss of data
C:\Users\giovi\Documents\GitHub\DeepGTAV-PreSIL\ObjectDet\ObjectDetection.cpp(1246,20): warning C4244: '=': conversion from 'double' to 'float', possible loss of data
C:\Users\giovi\Documents\GitHub\DeepGTAV-PreSIL\ObjectDet\ObjectDetection.cpp(1247,20): warning C4244: '=': conversion from 'double' to 'float', possible loss of data
C:\Users\giovi\Documents\GitHub\DeepGTAV-PreSIL\ObjectDet\ObjectDetection.cpp(1248,20): warning C4244: '=': conversion from 'double' to 'float', possible loss of data
C:\Users\giovi\Documents\GitHub\DeepGTAV-PreSIL\ObjectDet\ObjectDetection.cpp(1312,27): warning C4244: 'initializing': conversion from 'double' to 'float', possible loss of data
C:\Users\giovi\Documents\GitHub\DeepGTAV-PreSIL\ObjectDet\ObjectDetection.cpp(1332,41): warning C4244: 'initializing': conversion from 'double' to 'float', possible loss of data
C:\Users\giovi\Documents\GitHub\DeepGTAV-PreSIL\ObjectDet\ObjectDetection.cpp(1355,37): warning C4244: 'initializing': conversion from 'double' to 'float', possible loss of data
C:\Users\giovi\Documents\GitHub\DeepGTAV-PreSIL\ObjectDet\ObjectDetection.cpp(1392,20): warning C4244: 'initializing': conversion from 'double' to 'float', possible loss of data
C:\Users\giovi\Documents\GitHub\DeepGTAV-PreSIL\ObjectDet\ObjectDetection.cpp(1393,21): warning C4244: 'initializing': conversion from 'double' to 'float', possible loss of data
C:\Users\giovi\Documents\GitHub\DeepGTAV-PreSIL\ObjectDet\ObjectDetection.cpp(1179,13): warning C4101: 'FUR': unreferenced local variable
C:\Users\giovi\Documents\GitHub\DeepGTAV-PreSIL\ObjectDet\ObjectDetection.cpp(1180,13): warning C4101: 'BLL': unreferenced local variable
C:\Users\giovi\Documents\GitHub\DeepGTAV-PreSIL\ObjectDet\ObjectDetection.cpp(1678,19): warning C4996: 'fopen': This function or variable may be unsafe. Consider using fopen_s instead. To disable deprecation, use _CRT_SECURE_NO_WARNINGS. See online help for details.
C:\Users\giovi\Documents\GitHub\DeepGTAV-PreSIL\ObjectDet\ObjectDetection.cpp(1680,13): warning C4996: 'fopen': This function or variable may be unsafe. Consider using fopen_s instead. To disable deprecation, use _CRT_SECURE_NO_WARNINGS. See online help for details.
C:\Users\giovi\Documents\GitHub\DeepGTAV-PreSIL\ObjectDet\ObjectDetection.cpp(1830,59): warning C4244: 'argument': conversion from 'int' to 'float', possible loss of data
C:\Users\giovi\Documents\GitHub\DeepGTAV-PreSIL\ObjectDet\ObjectDetection.cpp(1830,56): warning C4244: 'argument': conversion from 'int' to 'float', possible loss of data
C:\Users\giovi\Documents\GitHub\DeepGTAV-PreSIL\ObjectDet\ObjectDetection.cpp(1947,9): warning C4996: 'sprintf': This function or variable may be unsafe. Consider using sprintf_s instead. To disable deprecation, use _CRT_SECURE_NO_WARNINGS. See online help for details.
C:\Users\giovi\Documents\GitHub\DeepGTAV-PreSIL\ObjectDet\ObjectDetection.cpp(1953,5): warning C4996: 'sprintf': This function or variable may be unsafe. Consider using sprintf_s instead. To disable deprecation, use _CRT_SECURE_NO_WARNINGS. See online help for details.
C:\Users\giovi\Documents\GitHub\DeepGTAV-PreSIL\ObjectDet\ObjectDetection.cpp(1964,13): warning C4244: 'initializing': conversion from 'double' to 'float', possible loss of data
C:\Users\giovi\Documents\GitHub\DeepGTAV-PreSIL\ObjectDet\ObjectDetection.cpp(1965,14): warning C4244: 'initializing': conversion from 'int' to 'float', possible loss of data
C:\Users\giovi\Documents\GitHub\DeepGTAV-PreSIL\ObjectDet\ObjectDetection.cpp(1966,14): warning C4244: 'initializing': conversion from 'int' to 'float', possible loss of data
C:\Users\giovi\Documents\GitHub\DeepGTAV-PreSIL\ObjectDet\ObjectDetection.cpp(1994,9): warning C4996: 'sprintf': This function or variable may be unsafe. Consider using sprintf_s instead. To disable deprecation, use _CRT_SECURE_NO_WARNINGS. See online help for details.
C:\Users\giovi\Documents\GitHub\DeepGTAV-PreSIL\ObjectDet\ObjectDetection.cpp(2074,73): warning C4244: '+=': conversion from 'double' to 'float', possible loss of data
C:\Users\giovi\Documents\GitHub\DeepGTAV-PreSIL\ObjectDet\ObjectDetection.cpp(2027,19): warning C4996: 'fopen': This function or variable may be unsafe. Consider using fopen_s instead. To disable deprecation, use _CRT_SECURE_NO_WARNINGS. See online help for details.
C:\Users\giovi\Documents\GitHub\DeepGTAV-PreSIL\ObjectDet\ObjectDetection.cpp(2088,57): warning C4244: '=': conversion from 'double' to 'float', possible loss of data
C:\Users\giovi\Documents\GitHub\DeepGTAV-PreSIL\ObjectDet\ObjectDetection.cpp(2178,15): warning C4996: 'fopen': This function or variable may be unsafe. Consider using fopen_s instead. To disable deprecation, use _CRT_SECURE_NO_WARNINGS. See online help for details.
C:\Users\giovi\Documents\GitHub\DeepGTAV-PreSIL\ObjectDet\ObjectDetection.cpp(2231,51): warning C4996: 'getenv': This function or variable may be unsafe. Consider using _dupenv_s instead. To disable deprecation, use _CRT_SECURE_NO_WARNINGS. See online help for details.
C:\Users\giovi\Documents\GitHub\DeepGTAV-PreSIL\ObjectDet\ObjectDetection.cpp(2348,15): warning C4996: 'fopen': This function or variable may be unsafe. Consider using fopen_s instead. To disable deprecation, use _CRT_SECURE_NO_WARNINGS. See online help for details.
C:\Users\giovi\Documents\GitHub\DeepGTAV-PreSIL\ObjectDet\ObjectDetection.cpp(2363,15): warning C4996: 'fopen': This function or variable may be unsafe. Consider using fopen_s instead. To disable deprecation, use _CRT_SECURE_NO_WARNINGS. See online help for details.
C:\Users\giovi\Documents\GitHub\DeepGTAV-PreSIL\ObjectDet\ObjectDetection.cpp(2376,15): warning C4996: 'fopen': This function or variable may be unsafe. Consider using fopen_s instead. To disable deprecation, use _CRT_SECURE_NO_WARNINGS. See online help for details.
C:\Users\giovi\Documents\GitHub\DeepGTAV-PreSIL\ObjectDet\ObjectDetection.cpp(2398,15): warning C4996: 'fopen': This function or variable may be unsafe. Consider using fopen_s instead. To disable deprecation, use _CRT_SECURE_NO_WARNINGS. See online help for details.
C:\Users\giovi\Documents\GitHub\DeepGTAV-PreSIL\ObjectDet\ObjectDetection.cpp(2409,13): warning C4996: 'fopen': This function or variable may be unsafe. Consider using fopen_s instead. To disable deprecation, use _CRT_SECURE_NO_WARNINGS. See online help for details.
C:\Users\giovi\Documents\GitHub\DeepGTAV-PreSIL\ObjectDet\ObjectDetection.cpp(2420,9): warning C4996: 'fopen': This function or variable may be unsafe. Consider using fopen_s instead. To disable deprecation, use _CRT_SECURE_NO_WARNINGS. See online help for details.
C:\Users\giovi\Documents\GitHub\DeepGTAV-PreSIL\ObjectDet\ObjectDetection.cpp(2531,16): warning C4244: 'initializing': conversion from 'float' to 'int', possible loss of data
C:\Users\giovi\Documents\GitHub\DeepGTAV-PreSIL\ObjectDet\ObjectDetection.cpp(2533,43): warning C4244: 'argument': conversion from 'int' to 'float', possible loss of data
C:\Users\giovi\Documents\GitHub\DeepGTAV-PreSIL\ObjectDet\ObjectDetection.cpp(2533,40): warning C4244: 'argument': conversion from 'int' to 'float', possible loss of data
C:\Users\giovi\Documents\GitHub\DeepGTAV-PreSIL\ObjectDet\ObjectDetection.cpp(2511,15): warning C4996: 'fopen': This function or variable may be unsafe. Consider using fopen_s instead. To disable deprecation, use _CRT_SECURE_NO_WARNINGS. See online help for details.
C:\Users\giovi\Documents\GitHub\DeepGTAV-PreSIL\ObjectDet\ObjectDetection.cpp(2527,16): warning C4996: 'fopen': This function or variable may be unsafe. Consider using fopen_s instead. To disable deprecation, use _CRT_SECURE_NO_WARNINGS. See online help for details.
C:\Users\giovi\Documents\GitHub\DeepGTAV-PreSIL\ObjectDet\ObjectDetection.cpp(2551,16): warning C4244: '=': conversion from 'double' to 'float', possible loss of data
C:\Users\giovi\Documents\GitHub\DeepGTAV-PreSIL\ObjectDet\ObjectDetection.cpp(2552,16): warning C4244: '=': conversion from 'double' to 'float', possible loss of data
C:\Users\giovi\Documents\GitHub\DeepGTAV-PreSIL\ObjectDet\ObjectDetection.cpp(2553,16): warning C4244: '=': conversion from 'double' to 'float', possible loss of data
C:\Users\giovi\Documents\GitHub\DeepGTAV-PreSIL\ObjectDet\ObjectDetection.cpp(2609,44): warning C4244: '=': conversion from 'double' to 'float', possible loss of data
  GeneralRewarder.cpp
  LaneRewarder.cpp
C:\Users\giovi\Documents\GitHub\DeepGTAV-PreSIL\Rewarders\LaneRewarder.cpp(33,21): warning C4018: '<': signed/unsigned mismatch
C:\Users\giovi\Documents\GitHub\DeepGTAV-PreSIL\Rewarders\LaneRewarder.cpp(300,20): warning C4018: '<': signed/unsigned mismatch
  main.cpp
  Scenario.cpp
C:\Users\giovi\Documents\GitHub\DeepGTAV-PreSIL\ObjectDet\Functions.h(7,23): warning C4996: 'getenv': This function or variable may be unsafe. Consider using _dupenv_s instead. To disable deprecation, use _CRT_SECURE_NO_WARNINGS. See online help for details.
C:\Users\giovi\Documents\GitHub\DeepGTAV-PreSIL\ObjectDet\Functions.h(12,19): warning C4996: 'fopen': This function or variable may be unsafe. Consider using fopen_s instead. To disable deprecation, use _CRT_SECURE_NO_WARNINGS. See online help for details.
C:\Users\giovi\Documents\GitHub\DeepGTAV-PreSIL\ObjectDet\Functions.h(53,13): warning C4244: 'initializing': conversion from 'int' to 'float', possible loss of data
C:\Users\giovi\Documents\GitHub\DeepGTAV-PreSIL\ObjectDet\Functions.h(55,12): warning C4244: 'initializing': conversion from 'int' to 'float', possible loss of data
C:\Users\giovi\Documents\GitHub\DeepGTAV-PreSIL\AreaRoaming.h(55,35): warning C4018: '<': signed/unsigned mismatch
C:\Users\giovi\Documents\GitHub\DeepGTAV-PreSIL\AreaRoaming.h(102,30): warning C4018: '<': signed/unsigned mismatch
C:\Users\giovi\Documents\GitHub\DeepGTAV-PreSIL\AreaRoaming.h(106,31): warning C4018: '<': signed/unsigned mismatch
C:\Users\giovi\Documents\GitHub\DeepGTAV-PreSIL\AreaRoaming.h(122,17): warning C4018: '<': signed/unsigned mismatch
C:\Users\giovi\Documents\GitHub\DeepGTAV-PreSIL\AreaRoaming.h(123,17): warning C4018: '<': signed/unsigned mismatch
C:\Users\giovi\Documents\GitHub\DeepGTAV-PreSIL\AreaRoaming.h(161,27): warning C4018: '<': signed/unsigned mismatch
C:\Users\giovi\Documents\GitHub\DeepGTAV-PreSIL\Scenario.cpp(88,55): warning C4244: '=': conversion from 'double' to 'float', possible loss of data
C:\Users\giovi\Documents\GitHub\DeepGTAV-PreSIL\Scenario.cpp(106,5): warning C4996: 'sprintf': This function or variable may be unsafe. Consider using sprintf_s instead. To disable deprecation, use _CRT_SECURE_NO_WARNINGS. See online help for details.
C:\Users\giovi\Documents\GitHub\DeepGTAV-PreSIL\Scenario.cpp(279,44): warning C4244: 'argument': conversion from 'time_t' to 'int', possible loss of data
C:\Users\giovi\Documents\GitHub\DeepGTAV-PreSIL\Scenario.cpp(366,17): warning C4244: 'argument': conversion from 'time_t' to 'unsigned int', possible loss of data
C:\Users\giovi\Documents\GitHub\DeepGTAV-PreSIL\Scenario.cpp(383,17): warning C4244: 'argument': conversion from 'time_t' to 'unsigned int', possible loss of data
C:\Users\giovi\Documents\GitHub\DeepGTAV-PreSIL\Scenario.cpp(526,50): warning C4244: 'argument': conversion from 'const float' to 'int', possible loss of data
C:\Users\giovi\Documents\GitHub\DeepGTAV-PreSIL\Scenario.cpp(526,35): warning C4244: 'argument': conversion from 'const float' to 'int', possible loss of data
C:\Users\giovi\Documents\GitHub\DeepGTAV-PreSIL\Scenario.cpp(507,46): warning C4996: 'getenv': This function or variable may be unsafe. Consider using _dupenv_s instead. To disable deprecation, use _CRT_SECURE_NO_WARNINGS. See online help for details.
C:\Users\giovi\Documents\GitHub\DeepGTAV-PreSIL\Scenario.cpp(509,19): warning C4996: 'fopen': This function or variable may be unsafe. Consider using fopen_s instead. To disable deprecation, use _CRT_SECURE_NO_WARNINGS. See online help for details.
C:\Users\giovi\Documents\GitHub\DeepGTAV-PreSIL\Scenario.cpp(548,19): warning C4390: ';': empty controlled statement found; is this the intent?
C:\Users\giovi\Documents\GitHub\DeepGTAV-PreSIL\Scenario.cpp(554,18): warning C4390: ';': empty controlled statement found; is this the intent?
C:\Users\giovi\Documents\GitHub\DeepGTAV-PreSIL\Scenario.cpp(598,23): warning C4244: '=': conversion from 'int' to 'float', possible loss of data
C:\Users\giovi\Documents\GitHub\DeepGTAV-PreSIL\Scenario.cpp(599,16): warning C4244: '=': conversion from 'int' to 'float', possible loss of data
C:\Users\giovi\Documents\GitHub\DeepGTAV-PreSIL\Scenario.cpp(645,56): warning C4244: 'argument': conversion from 'float' to 'int', possible loss of data
C:\Users\giovi\Documents\GitHub\DeepGTAV-PreSIL\Scenario.cpp(645,42): warning C4244: 'argument': conversion from 'float' to 'int', possible loss of data
C:\Users\giovi\Documents\GitHub\DeepGTAV-PreSIL\Scenario.cpp(743,27): warning C4018: '<': signed/unsigned mismatch
C:\Users\giovi\Documents\GitHub\DeepGTAV-PreSIL\Scenario.cpp(748,27): warning C4018: '<': signed/unsigned mismatch
C:\Users\giovi\Documents\GitHub\DeepGTAV-PreSIL\Scenario.cpp(851,57): warning C4244: '=': conversion from 'double' to 'float', possible loss of data
  ScreenCapturer.cpp
  script.cpp
C:\Users\giovi\Documents\GitHub\DeepGTAV-PreSIL\ObjectDet\Functions.h(7,23): warning C4996: 'getenv': This function or variable may be unsafe. Consider using _dupenv_s instead. To disable deprecation, use _CRT_SECURE_NO_WARNINGS. See online help for details.
C:\Users\giovi\Documents\GitHub\DeepGTAV-PreSIL\ObjectDet\Functions.h(12,19): warning C4996: 'fopen': This function or variable may be unsafe. Consider using fopen_s instead. To disable deprecation, use _CRT_SECURE_NO_WARNINGS. See online help for details.
C:\Users\giovi\Documents\GitHub\DeepGTAV-PreSIL\ObjectDet\Functions.h(53,13): warning C4244: 'initializing': conversion from 'int' to 'float', possible loss of data
C:\Users\giovi\Documents\GitHub\DeepGTAV-PreSIL\ObjectDet\Functions.h(55,12): warning C4244: 'initializing': conversion from 'int' to 'float', possible loss of data
C:\Program Files (x86)\Windows Kits\10\Include\10.0.19041.0\um\WinSock2.h(17,1): warning C4005: '_WINSOCKAPI_': macro redefinition
C:\Users\giovi\Documents\GitHub\DeepGTAV-PreSIL\script.cpp : message : see previous definition of '_WINSOCKAPI_'
  SpeedRewarder.cpp
  Server.cpp
C:\Users\giovi\Documents\GitHub\DeepGTAV-PreSIL\ObjectDet\Functions.h(7,23): warning C4996: 'getenv': This function or variable may be unsafe. Consider using _dupenv_s instead. To disable deprecation, use _CRT_SECURE_NO_WARNINGS. See online help for details.
C:\Users\giovi\Documents\GitHub\DeepGTAV-PreSIL\ObjectDet\Functions.h(12,19): warning C4996: 'fopen': This function or variable may be unsafe. Consider using fopen_s instead. To disable deprecation, use _CRT_SECURE_NO_WARNINGS. See online help for details.
C:\Users\giovi\Documents\GitHub\DeepGTAV-PreSIL\ObjectDet\Functions.h(53,13): warning C4244: 'initializing': conversion from 'int' to 'float', possible loss of data
C:\Users\giovi\Documents\GitHub\DeepGTAV-PreSIL\ObjectDet\Functions.h(55,12): warning C4244: 'initializing': conversion from 'int' to 'float', possible loss of data
C:\Program Files (x86)\Windows Kits\10\Include\10.0.19041.0\um\WinSock2.h(17,1): warning C4005: '_WINSOCKAPI_': macro redefinition
C:\Users\giovi\Documents\GitHub\DeepGTAV-PreSIL\Server.cpp : message : see previous definition of '_WINSOCKAPI_'
  tinyxml2.cpp
  utils.cpp
LiDAR.obj : error LNK2001: unresolved external symbol "__declspec(dllimport) void __cdecl nativeInit(unsigned __int64)" (__imp_?nativeInit@@YAX_K@Z)
LiDAR.obj : error LNK2001: unresolved external symbol "__declspec(dllimport) unsigned __int64 * __cdecl nativeCall(void)" (__imp_?nativeCall@@YAPA_KXZ)
LiDAR.obj : error LNK2001: unresolved external symbol "__declspec(dllimport) void __cdecl nativePush64(unsigned __int64)" (__imp_?nativePush64@@YAX_K@Z)
LiDAR.obj : error LNK2001: unresolved external symbol "private: void __thiscall cv::String::deallocate(void)" (?deallocate@String@cv@@AAEXXZ)
ObjectDetection.obj : error LNK2001: unresolved external symbol "__declspec(dllimport) int __cdecl worldGetAllVehicles(int *,int)" (__imp_?worldGetAllVehicles@@YAHPAHH@Z)
ObjectDetection.obj : error LNK2001: unresolved external symbol "__declspec(dllimport) int __cdecl worldGetAllPeds(int *,int)" (__imp_?worldGetAllPeds@@YAHPAHH@Z)
ObjectDetection.obj : error LNK2001: unresolved external symbol "__declspec(dllimport) void __cdecl scriptWait(unsigned long)" (__imp_?scriptWait@@YAXK@Z)
ObjectDetection.obj : error LNK2001: unresolved external symbol "bool __cdecl cv::imwrite(class cv::String const &,class cv::_InputArray const &,class std::vector<int,class std::allocator<int> > const &)" (?imwrite@cv@@YA_NABVString@1@ABV_InputArray@1@ABV?$vector@HV?$allocator@H@std@@@std@@@Z)
ObjectDetection.obj : error LNK2001: unresolved external symbol "public: void __thiscall cv::Mat::updateContinuityFlag(void)" (?updateContinuityFlag@Mat@cv@@QAEXXZ)
ObjectDetection.obj : error LNK2001: unresolved external symbol "int __cdecl cv::floodFill(class cv::_InputOutputArray const &,class cv::Point_<int>,class cv::Scalar_<double>,class cv::Rect_<int> *,class cv::Scalar_<double>,class cv::Scalar_<double>,int)" (?floodFill@cv@@YAHABV_InputOutputArray@1@V?$Point_@H@1@V?$Scalar_@N@1@PAV?$Rect_@H@1@22H@Z)
ObjectDetection.obj : error LNK2001: unresolved external symbol "private: char * __thiscall cv::String::allocate(unsigned int)" (?allocate@String@cv@@AAEPADI@Z)
ObjectDetection.obj : error LNK2001: unresolved external symbol "void __cdecl cv::error(int,class cv::String const &,char const *,char const *,int)" (?error@cv@@YAXHABVString@1@PBD1H@Z)
main.obj : error LNK2001: unresolved external symbol "__declspec(dllimport) void __cdecl scriptUnregister(struct HINSTANCE__ *)" (__imp_?scriptUnregister@@YAXPAUHINSTANCE__@@@Z)
main.obj : error LNK2001: unresolved external symbol "__declspec(dllimport) void __cdecl scriptRegister(struct HINSTANCE__ *,void (__cdecl*)(void))" (__imp_?scriptRegister@@YAXPAUHINSTANCE__@@P6AXXZ@Z)
Scenario.obj : error LNK2001: unresolved external symbol __imp__export_get_depth_buffer
Scenario.obj : error LNK2001: unresolved external symbol _export_get_stencil_buffer
Scenario.obj : error LNK2001: unresolved external symbol _export_get_color_buffer
utils.obj : error LNK2001: unresolved external symbol "__declspec(dllimport) unsigned char * __cdecl getScriptHandleBaseAddress(int)" (__imp_?getScriptHandleBaseAddress@@YAPAEH@Z)
C:\Users\giovi\Documents\GitHub\DeepGTAV-PreSIL\Release\DeepGTAV.asi : fatal error LNK1120: 18 unresolved externals
