c:\users\giovi\documents\github\deepgtav-presil\tmp\my\release\vc142.pdb
c:\users\giovi\documents\github\deepgtav-presil\tmp\my\release\utils.obj
c:\users\giovi\documents\github\deepgtav-presil\tmp\my\release\tinyxml2.obj
c:\users\giovi\documents\github\deepgtav-presil\tmp\my\release\server.obj
c:\users\giovi\documents\github\deepgtav-presil\tmp\my\release\speedrewarder.obj
c:\users\giovi\documents\github\deepgtav-presil\tmp\my\release\script.obj
c:\users\giovi\documents\github\deepgtav-presil\tmp\my\release\screencapturer.obj
c:\users\giovi\documents\github\deepgtav-presil\tmp\my\release\scenario.obj
c:\users\giovi\documents\github\deepgtav-presil\tmp\my\release\main.obj
c:\users\giovi\documents\github\deepgtav-presil\tmp\my\release\lanerewarder.obj
c:\users\giovi\documents\github\deepgtav-presil\tmp\my\release\generalrewarder.obj
c:\users\giovi\documents\github\deepgtav-presil\tmp\my\release\objectdetection.obj
c:\users\giovi\documents\github\deepgtav-presil\tmp\my\release\lodepng.obj
c:\users\giovi\documents\github\deepgtav-presil\tmp\my\release\lidar.obj
c:\users\giovi\documents\github\deepgtav-presil\bin\my\release\deepgtav.asi
c:\users\giovi\documents\github\deepgtav-presil\tmp\my\release\deepgtav.iobj
c:\users\giovi\documents\github\deepgtav-presil\tmp\my\release\deepgtav.ipdb
c:\users\giovi\documents\github\deepgtav-presil\tmp\my\release\deepgtav.tlog\cl.command.1.tlog
c:\users\giovi\documents\github\deepgtav-presil\tmp\my\release\deepgtav.tlog\cl.read.1.tlog
c:\users\giovi\documents\github\deepgtav-presil\tmp\my\release\deepgtav.tlog\cl.write.1.tlog
c:\users\giovi\documents\github\deepgtav-presil\tmp\my\release\deepgtav.tlog\link.command.1.tlog
c:\users\giovi\documents\github\deepgtav-presil\tmp\my\release\deepgtav.tlog\link.read.1.tlog
c:\users\giovi\documents\github\deepgtav-presil\tmp\my\release\deepgtav.tlog\link.write.1.tlog
