C:\Program Files (x86)\Microsoft Visual Studio\2019\Community\MSBuild\Microsoft\VC\v160\Microsoft.CppBuild.targets(513,5): warning MSB8028: The intermediate directory (tmp\my\Release\) contains files shared from another project (DeepGTAV.vcxproj).  This can lead to incorrect clean and rebuild behavior.
  Scenario.cpp
C:\Users\giovi\Documents\GitHub\DeepGTAV-PreSIL\ObjectDet\Functions.h(7,23): warning C4996: 'getenv': This function or variable may be unsafe. Consider using _dupenv_s instead. To disable deprecation, use _CRT_SECURE_NO_WARNINGS. See online help for details.
C:\Users\giovi\Documents\GitHub\DeepGTAV-PreSIL\ObjectDet\Functions.h(12,19): warning C4996: 'fopen': This function or variable may be unsafe. Consider using fopen_s instead. To disable deprecation, use _CRT_SECURE_NO_WARNINGS. See online help for details.
C:\Users\giovi\Documents\GitHub\DeepGTAV-PreSIL\ObjectDet\Functions.h(53,13): warning C4244: 'initializing': conversion from 'int' to 'float', possible loss of data
C:\Users\giovi\Documents\GitHub\DeepGTAV-PreSIL\ObjectDet\Functions.h(55,12): warning C4244: 'initializing': conversion from 'int' to 'float', possible loss of data
C:\Users\giovi\Documents\GitHub\DeepGTAV-PreSIL\Scenario.cpp(104,55): warning C4244: '=': conversion from 'double' to 'float', possible loss of data
C:\Users\giovi\Documents\GitHub\DeepGTAV-PreSIL\Scenario.cpp(125,5): warning C4996: 'sprintf': This function or variable may be unsafe. Consider using sprintf_s instead. To disable deprecation, use _CRT_SECURE_NO_WARNINGS. See online help for details.
C:\Users\giovi\Documents\GitHub\DeepGTAV-PreSIL\Scenario.cpp(374,30): warning C4996: 'getenv': This function or variable may be unsafe. Consider using _dupenv_s instead. To disable deprecation, use _CRT_SECURE_NO_WARNINGS. See online help for details.
C:\Users\giovi\Documents\GitHub\DeepGTAV-PreSIL\Scenario.cpp(402,17): warning C4244: 'argument': conversion from 'time_t' to 'unsigned int', possible loss of data
C:\Users\giovi\Documents\GitHub\DeepGTAV-PreSIL\Scenario.cpp(419,17): warning C4244: 'argument': conversion from 'time_t' to 'unsigned int', possible loss of data
C:\Users\giovi\Documents\GitHub\DeepGTAV-PreSIL\Scenario.cpp(566,35): warning C4244: 'argument': conversion from 'double' to '_Ty', possible loss of data
          with
          [
              _Ty=float
          ]
C:\Users\giovi\Documents\GitHub\DeepGTAV-PreSIL\Scenario.cpp(653,53): warning C4244: 'argument': conversion from 'const float' to 'int', possible loss of data
C:\Users\giovi\Documents\GitHub\DeepGTAV-PreSIL\Scenario.cpp(653,38): warning C4244: 'argument': conversion from 'const float' to 'int', possible loss of data
C:\Users\giovi\Documents\GitHub\DeepGTAV-PreSIL\Scenario.cpp(554,48): warning C4996: 'getenv': This function or variable may be unsafe. Consider using _dupenv_s instead. To disable deprecation, use _CRT_SECURE_NO_WARNINGS. See online help for details.
C:\Users\giovi\Documents\GitHub\DeepGTAV-PreSIL\Scenario.cpp(689,21): warning C4996: 'sprintf': This function or variable may be unsafe. Consider using sprintf_s instead. To disable deprecation, use _CRT_SECURE_NO_WARNINGS. See online help for details.
C:\Users\giovi\Documents\GitHub\DeepGTAV-PreSIL\Scenario.cpp(840,23): warning C4244: '=': conversion from 'int' to 'float', possible loss of data
C:\Users\giovi\Documents\GitHub\DeepGTAV-PreSIL\Scenario.cpp(841,16): warning C4244: '=': conversion from 'int' to 'float', possible loss of data
C:\Users\giovi\Documents\GitHub\DeepGTAV-PreSIL\Scenario.cpp(984,19): warning C4996: 'fopen': This function or variable may be unsafe. Consider using fopen_s instead. To disable deprecation, use _CRT_SECURE_NO_WARNINGS. See online help for details.
C:\Users\giovi\Documents\GitHub\DeepGTAV-PreSIL\Scenario.cpp(1054,57): warning C4244: '=': conversion from 'double' to 'float', possible loss of data
C:\Users\giovi\Documents\GitHub\DeepGTAV-PreSIL\Scenario.cpp(1254,20): warning C4996: 'fopen': This function or variable may be unsafe. Consider using fopen_s instead. To disable deprecation, use _CRT_SECURE_NO_WARNINGS. See online help for details.
C:\Users\giovi\Documents\GitHub\DeepGTAV-PreSIL\Scenario.cpp(1244,46): warning C4101: 'upVec': unreferenced local variable
C:\Users\giovi\Documents\GitHub\DeepGTAV-PreSIL\Scenario.cpp(1244,24): warning C4101: 'rightVec': unreferenced local variable
C:\Users\giovi\Documents\GitHub\DeepGTAV-PreSIL\Scenario.cpp(1245,27): warning C4101: 'fCam': unreferenced local variable
C:\Users\giovi\Documents\GitHub\DeepGTAV-PreSIL\Scenario.cpp(1245,33): warning C4101: 'upCam': unreferenced local variable
C:\Users\giovi\Documents\GitHub\DeepGTAV-PreSIL\Scenario.cpp(1245,21): warning C4101: 'rCam': unreferenced local variable
C:\Users\giovi\Documents\GitHub\DeepGTAV-PreSIL\Scenario.cpp(1244,34): warning C4101: 'forwardVec': unreferenced local variable
  Generating code
  4 of 3677 functions ( 0.1%) were compiled, the rest were copied from previous compilation.
    2 functions were new in current compilation
    35 functions had inline decision re-evaluated but remain unchanged
  Finished generating code
  DeepGTAV.vcxproj -> C:\Users\giovi\Documents\GitHub\DeepGTAV-PreSIL\bin\my\Release\DeepGTAVPreSiL.asi
